{"/Users/sandeeptc/git/react/Next-practice/Utils/index.js": {"path":"/Users/sandeeptc/git/react/Next-practice/Utils/index.js","statementMap":{"0":{"start":{"line":1,"column":30},"end":{"line":4,"column":1}},"1":{"start":{"line":2,"column":20},"end":{"line":2,"column":59}},"2":{"start":{"line":3,"column":4},"end":{"line":3,"column":19}}},"fnMap":{"0":{"name":"(anonymous_0)","decl":{"start":{"line":1,"column":30},"end":{"line":1,"column":31}},"loc":{"start":{"line":1,"column":51},"end":{"line":4,"column":1}},"line":1}},"branchMap":{},"s":{"0":4,"1":2,"2":2},"f":{"0":2},"b":{},"_coverageSchema":"43e27e138ebf9cfc5966b082cf9a028302ed4184","hash":"a5cdd1ca502d55afab5b9dc731b0d90217d747e5"}
,"/Users/sandeeptc/git/react/Next-practice/components/App.js": {"path":"/Users/sandeeptc/git/react/Next-practice/components/App.js","statementMap":{"0":{"start":{"line":8,"column":12},"end":{"line":22,"column":1}},"1":{"start":{"line":9,"column":4},"end":{"line":21,"column":6}}},"fnMap":{"0":{"name":"(anonymous_0)","decl":{"start":{"line":8,"column":12},"end":{"line":8,"column":13}},"loc":{"start":{"line":8,"column":18},"end":{"line":22,"column":1}},"line":8}},"branchMap":{},"s":{"0":1,"1":0},"f":{"0":0},"b":{},"_coverageSchema":"43e27e138ebf9cfc5966b082cf9a028302ed4184","hash":"ad2341c509d8aef0046cf82e12bba895ed736f74"}
,"/Users/sandeeptc/git/react/Next-practice/components/Header.js": {"path":"/Users/sandeeptc/git/react/Next-practice/components/Header.js","statementMap":{"0":{"start":{"line":1,"column":15},"end":{"line":8,"column":1}},"1":{"start":{"line":2,"column":4},"end":{"line":2,"column":26}},"2":{"start":{"line":3,"column":4},"end":{"line":7,"column":6}}},"fnMap":{"0":{"name":"(anonymous_0)","decl":{"start":{"line":1,"column":15},"end":{"line":1,"column":16}},"loc":{"start":{"line":1,"column":21},"end":{"line":8,"column":1}},"line":1}},"branchMap":{},"s":{"0":2,"1":1,"2":1},"f":{"0":1},"b":{},"_coverageSchema":"43e27e138ebf9cfc5966b082cf9a028302ed4184","hash":"09952c29fb4ea0e0d26e5f7d23451b854c4c07c4"}
,"/Users/sandeeptc/git/react/Next-practice/components/Task.js": {"path":"/Users/sandeeptc/git/react/Next-practice/components/Task.js","statementMap":{"0":{"start":{"line":7,"column":13},"end":{"line":32,"column":1}},"1":{"start":{"line":8,"column":37},"end":{"line":8,"column":64}},"2":{"start":{"line":9,"column":4},"end":{"line":9,"column":24}},"3":{"start":{"line":10,"column":4},"end":{"line":10,"column":22}},"4":{"start":{"line":11,"column":4},"end":{"line":31,"column":6}},"5":{"start":{"line":19,"column":43},"end":{"line":19,"column":62}},"6":{"start":{"line":24,"column":39},"end":{"line":24,"column":56}}},"fnMap":{"0":{"name":"(anonymous_0)","decl":{"start":{"line":7,"column":13},"end":{"line":7,"column":14}},"loc":{"start":{"line":7,"column":23},"end":{"line":32,"column":1}},"line":7},"1":{"name":"(anonymous_1)","decl":{"start":{"line":19,"column":37},"end":{"line":19,"column":38}},"loc":{"start":{"line":19,"column":43},"end":{"line":19,"column":62}},"line":19},"2":{"name":"(anonymous_2)","decl":{"start":{"line":24,"column":33},"end":{"line":24,"column":34}},"loc":{"start":{"line":24,"column":39},"end":{"line":24,"column":56}},"line":24}},"branchMap":{},"s":{"0":3,"1":5,"2":5,"3":5,"4":5,"5":0,"6":0},"f":{"0":5,"1":0,"2":0},"b":{},"_coverageSchema":"43e27e138ebf9cfc5966b082cf9a028302ed4184","hash":"458d92417ee9ce8fbde68cc7d116e45b7917523f"}
,"/Users/sandeeptc/git/react/Next-practice/components/TaskForm.js": {"path":"/Users/sandeeptc/git/react/Next-practice/components/TaskForm.js","statementMap":{"0":{"start":{"line":4,"column":17},"end":{"line":62,"column":1}},"1":{"start":{"line":5,"column":55},"end":{"line":5,"column":82}},"2":{"start":{"line":6,"column":30},"end":{"line":6,"column":42}},"3":{"start":{"line":7,"column":4},"end":{"line":7,"column":28}},"4":{"start":{"line":9,"column":25},"end":{"line":11,"column":5}},"5":{"start":{"line":10,"column":8},"end":{"line":10,"column":33}},"6":{"start":{"line":12,"column":25},"end":{"line":20,"column":5}},"7":{"start":{"line":13,"column":8},"end":{"line":13,"column":27}},"8":{"start":{"line":14,"column":8},"end":{"line":19,"column":9}},"9":{"start":{"line":15,"column":12},"end":{"line":15,"column":27}},"10":{"start":{"line":16,"column":12},"end":{"line":16,"column":25}},"11":{"start":{"line":18,"column":12},"end":{"line":18,"column":40}},"12":{"start":{"line":21,"column":24},"end":{"line":24,"column":5}},"13":{"start":{"line":22,"column":8},"end":{"line":22,"column":21}},"14":{"start":{"line":23,"column":8},"end":{"line":23,"column":20}},"15":{"start":{"line":26,"column":4},"end":{"line":32,"column":18}},"16":{"start":{"line":27,"column":8},"end":{"line":31,"column":9}},"17":{"start":{"line":28,"column":12},"end":{"line":28,"column":36}},"18":{"start":{"line":30,"column":12},"end":{"line":30,"column":25}},"19":{"start":{"line":34,"column":4},"end":{"line":61,"column":6}}},"fnMap":{"0":{"name":"(anonymous_0)","decl":{"start":{"line":4,"column":17},"end":{"line":4,"column":18}},"loc":{"start":{"line":4,"column":23},"end":{"line":62,"column":1}},"line":4},"1":{"name":"(anonymous_1)","decl":{"start":{"line":9,"column":25},"end":{"line":9,"column":26}},"loc":{"start":{"line":9,"column":32},"end":{"line":11,"column":5}},"line":9},"2":{"name":"(anonymous_2)","decl":{"start":{"line":12,"column":25},"end":{"line":12,"column":26}},"loc":{"start":{"line":12,"column":32},"end":{"line":20,"column":5}},"line":12},"3":{"name":"(anonymous_3)","decl":{"start":{"line":21,"column":24},"end":{"line":21,"column":25}},"loc":{"start":{"line":21,"column":30},"end":{"line":24,"column":5}},"line":21},"4":{"name":"(anonymous_4)","decl":{"start":{"line":26,"column":14},"end":{"line":26,"column":15}},"loc":{"start":{"line":26,"column":20},"end":{"line":32,"column":5}},"line":26}},"branchMap":{"0":{"loc":{"start":{"line":14,"column":8},"end":{"line":19,"column":9}},"type":"if","locations":[{"start":{"line":14,"column":8},"end":{"line":19,"column":9}},{"start":{"line":14,"column":8},"end":{"line":19,"column":9}}],"line":14},"1":{"loc":{"start":{"line":27,"column":8},"end":{"line":31,"column":9}},"type":"if","locations":[{"start":{"line":27,"column":8},"end":{"line":31,"column":9}},{"start":{"line":27,"column":8},"end":{"line":31,"column":9}}],"line":27},"2":{"loc":{"start":{"line":50,"column":25},"end":{"line":50,"column":60}},"type":"cond-expr","locations":[{"start":{"line":50,"column":36},"end":{"line":50,"column":47}},{"start":{"line":50,"column":50},"end":{"line":50,"column":60}}],"line":50}},"s":{"0":2,"1":0,"2":0,"3":0,"4":0,"5":0,"6":0,"7":0,"8":0,"9":0,"10":0,"11":0,"12":0,"13":0,"14":0,"15":0,"16":0,"17":0,"18":0,"19":0},"f":{"0":0,"1":0,"2":0,"3":0,"4":0},"b":{"0":[0,0],"1":[0,0],"2":[0,0]},"_coverageSchema":"43e27e138ebf9cfc5966b082cf9a028302ed4184","hash":"d52df38a065cc9f7b5b9a8dd97473d140a3ece5d"}
,"/Users/sandeeptc/git/react/Next-practice/components/TaskList.js": {"path":"/Users/sandeeptc/git/react/Next-practice/components/TaskList.js","statementMap":{"0":{"start":{"line":5,"column":17},"end":{"line":22,"column":1}},"1":{"start":{"line":6,"column":22},"end":{"line":6,"column":49}},"2":{"start":{"line":7,"column":4},"end":{"line":7,"column":28}},"3":{"start":{"line":8,"column":4},"end":{"line":21,"column":6}},"4":{"start":{"line":12,"column":41},"end":{"line":12,"column":75}}},"fnMap":{"0":{"name":"(anonymous_0)","decl":{"start":{"line":5,"column":17},"end":{"line":5,"column":18}},"loc":{"start":{"line":5,"column":23},"end":{"line":22,"column":1}},"line":5},"1":{"name":"(anonymous_1)","decl":{"start":{"line":12,"column":31},"end":{"line":12,"column":32}},"loc":{"start":{"line":12,"column":41},"end":{"line":12,"column":75}},"line":12}},"branchMap":{"0":{"loc":{"start":{"line":10,"column":13},"end":{"line":19,"column":17}},"type":"cond-expr","locations":[{"start":{"line":11,"column":16},"end":{"line":13,"column":21}},{"start":{"line":16,"column":20},"end":{"line":18,"column":26}}],"line":10}},"s":{"0":2,"1":1,"2":1,"3":1,"4":3},"f":{"0":1,"1":3},"b":{"0":[1,0]},"_coverageSchema":"43e27e138ebf9cfc5966b082cf9a028302ed4184","hash":"190b755810b389454007cb23b57b15b83e15e099"}
,"/Users/sandeeptc/git/react/Next-practice/context/TaskListContext.js": {"path":"/Users/sandeeptc/git/react/Next-practice/context/TaskListContext.js","statementMap":{"0":{"start":{"line":4,"column":31},"end":{"line":4,"column":46}},"1":{"start":{"line":5,"column":32},"end":{"line":56,"column":1}},"2":{"start":{"line":9,"column":25},"end":{"line":12,"column":46}},"3":{"start":{"line":14,"column":30},"end":{"line":14,"column":52}},"4":{"start":{"line":15,"column":36},"end":{"line":15,"column":50}},"5":{"start":{"line":17,"column":4},"end":{"line":20,"column":15}},"6":{"start":{"line":18,"column":8},"end":{"line":18,"column":34}},"7":{"start":{"line":19,"column":8},"end":{"line":19,"column":61}},"8":{"start":{"line":22,"column":20},"end":{"line":24,"column":5}},"9":{"start":{"line":23,"column":8},"end":{"line":23,"column":76}},"10":{"start":{"line":25,"column":23},"end":{"line":27,"column":5}},"11":{"start":{"line":26,"column":8},"end":{"line":26,"column":54}},"12":{"start":{"line":26,"column":38},"end":{"line":26,"column":52}},"13":{"start":{"line":28,"column":22},"end":{"line":30,"column":5}},"14":{"start":{"line":29,"column":8},"end":{"line":29,"column":20}},"15":{"start":{"line":31,"column":21},"end":{"line":34,"column":5}},"16":{"start":{"line":32,"column":21},"end":{"line":32,"column":55}},"17":{"start":{"line":32,"column":40},"end":{"line":32,"column":54}},"18":{"start":{"line":33,"column":8},"end":{"line":33,"column":26}},"19":{"start":{"line":35,"column":21},"end":{"line":41,"column":5}},"20":{"start":{"line":36,"column":25},"end":{"line":38,"column":9}},"21":{"start":{"line":37,"column":12},"end":{"line":37,"column":51}},"22":{"start":{"line":39,"column":8},"end":{"line":39,"column":27}},"23":{"start":{"line":40,"column":8},"end":{"line":40,"column":26}},"24":{"start":{"line":43,"column":4},"end":{"line":55,"column":5}}},"fnMap":{"0":{"name":"(anonymous_0)","decl":{"start":{"line":5,"column":32},"end":{"line":5,"column":33}},"loc":{"start":{"line":5,"column":43},"end":{"line":56,"column":1}},"line":5},"1":{"name":"(anonymous_1)","decl":{"start":{"line":17,"column":14},"end":{"line":17,"column":15}},"loc":{"start":{"line":17,"column":20},"end":{"line":20,"column":5}},"line":17},"2":{"name":"(anonymous_2)","decl":{"start":{"line":22,"column":20},"end":{"line":22,"column":21}},"loc":{"start":{"line":22,"column":31},"end":{"line":24,"column":5}},"line":22},"3":{"name":"(anonymous_3)","decl":{"start":{"line":25,"column":23},"end":{"line":25,"column":24}},"loc":{"start":{"line":25,"column":31},"end":{"line":27,"column":5}},"line":25},"4":{"name":"(anonymous_4)","decl":{"start":{"line":26,"column":30},"end":{"line":26,"column":31}},"loc":{"start":{"line":26,"column":38},"end":{"line":26,"column":52}},"line":26},"5":{"name":"(anonymous_5)","decl":{"start":{"line":28,"column":22},"end":{"line":28,"column":23}},"loc":{"start":{"line":28,"column":28},"end":{"line":30,"column":5}},"line":28},"6":{"name":"(anonymous_6)","decl":{"start":{"line":31,"column":21},"end":{"line":31,"column":22}},"loc":{"start":{"line":31,"column":29},"end":{"line":34,"column":5}},"line":31},"7":{"name":"(anonymous_7)","decl":{"start":{"line":32,"column":32},"end":{"line":32,"column":33}},"loc":{"start":{"line":32,"column":40},"end":{"line":32,"column":54}},"line":32},"8":{"name":"(anonymous_8)","decl":{"start":{"line":35,"column":21},"end":{"line":35,"column":22}},"loc":{"start":{"line":35,"column":36},"end":{"line":41,"column":5}},"line":35},"9":{"name":"(anonymous_9)","decl":{"start":{"line":36,"column":35},"end":{"line":36,"column":36}},"loc":{"start":{"line":37,"column":12},"end":{"line":37,"column":51}},"line":37}},"branchMap":{"0":{"loc":{"start":{"line":37,"column":12},"end":{"line":37,"column":51}},"type":"cond-expr","locations":[{"start":{"line":37,"column":31},"end":{"line":37,"column":44}},{"start":{"line":37,"column":47},"end":{"line":37,"column":51}}],"line":37}},"s":{"0":4,"1":4,"2":0,"3":0,"4":0,"5":0,"6":0,"7":0,"8":0,"9":0,"10":0,"11":0,"12":0,"13":0,"14":0,"15":0,"16":0,"17":0,"18":0,"19":0,"20":0,"21":0,"22":0,"23":0,"24":0},"f":{"0":0,"1":0,"2":0,"3":0,"4":0,"5":0,"6":0,"7":0,"8":0,"9":0},"b":{"0":[0,0]},"_coverageSchema":"43e27e138ebf9cfc5966b082cf9a028302ed4184","hash":"151d6fd6386fd32811c39d8ad807a35285d2c4cd"}
,"/Users/sandeeptc/git/react/Next-practice/lib/fontawesome.js": {"path":"/Users/sandeeptc/git/react/Next-practice/lib/fontawesome.js","statementMap":{"0":{"start":{"line":7,"column":0},"end":{"line":10,"column":2}}},"fnMap":{},"branchMap":{},"s":{"0":3},"f":{},"b":{},"_coverageSchema":"43e27e138ebf9cfc5966b082cf9a028302ed4184","hash":"ae5cbae974a19f2216b601bece2eff8d5af4762d"}
}
